Traceback (most recent call last):
  File "/data/users/nowacki/thesis-project/src/python_scripts/train_eeg_sample.py", line 44, in <module>
    df = pd.read_csv(PATH)
         ^^^^^^^^^^^^^^^^^
  File "/data/users/nowacki/miniforge3/envs/thesis_project/lib/python3.12/site-packages/pandas/io/parsers/readers.py", line 873, in read_csv
    return _read(filepath_or_buffer, kwds)
           ^^^^^^^^^^^^^^^^^^^^^^^^^^^^^^^
  File "/data/users/nowacki/miniforge3/envs/thesis_project/lib/python3.12/site-packages/pandas/io/parsers/readers.py", line 300, in _read
    parser = TextFileReader(filepath_or_buffer, **kwds)
             ^^^^^^^^^^^^^^^^^^^^^^^^^^^^^^^^^^^^^^^^^^
  File "/data/users/nowacki/miniforge3/envs/thesis_project/lib/python3.12/site-packages/pandas/io/parsers/readers.py", line 1645, in __init__
    self._engine = self._make_engine(f, self.engine)
                   ^^^^^^^^^^^^^^^^^^^^^^^^^^^^^^^^^
  File "/data/users/nowacki/miniforge3/envs/thesis_project/lib/python3.12/site-packages/pandas/io/parsers/readers.py", line 1904, in _make_engine
    self.handles = get_handle(
                   ^^^^^^^^^^^
  File "/data/users/nowacki/miniforge3/envs/thesis_project/lib/python3.12/site-packages/pandas/io/common.py", line 926, in get_handle
    handle = open(
             ^^^^^
FileNotFoundError: [Errno 2] No such file or directory: '/data/processed/eeg_sample.csv'
